<?xml version="1.0" encoding="UTF-8"?>
<!-- Generated by org.testng.reporters.JUnitXMLReporter -->
<testsuite ignored="0" hostname="DESKTOP-VDST98U" failures="0" tests="9" name="Free CRM Test" time="447.773" errors="0" timestamp="2022-06-28T11:44:27 IST">
  <testcase classname="com.crm.qa.testcases.LoginPageTest" name="loginPageTitleTest" time="4.813"/>
  <testcase classname="com.crm.qa.testcases.LoginPageTest" name="logintest" time="12.375"/>
  <testcase classname="com.crm.qa.testcases.HomePageTest" name="homePageTitleTest" time="0.014"/>
  <testcase classname="com.crm.qa.testcases.HomePageTest" name="usernameLabelTest" time="6.633"/>
  <testcase classname="com.crm.qa.testcases.HomePageTest" name="contactsLinkTest" time="11.232"/>
  <testcase classname="com.crm.qa.testcases.ContactsPageTest" name="contactsLabelTest" time="0.283"/>
  <testcase classname="com.crm.qa.testcases.ContactsPageTest" name="validateCreateNewContact" time="8.569"/>
  <testcase classname="com.crm.qa.testcases.ContactsPageTest" name="validateCreateNewContact" time="4.308"/>
  <testcase classname="com.crm.qa.testcases.ContactsPageTest" name="validateCreateNewContact" time="11.862"/>
</testsuite> <!-- Free CRM Test -->
